<?xml version="1.0" encoding="UTF-8"?>
<!-- Generated by org.testng.reporters.JUnitReportReporter -->
<testsuite skipped="0" hostname="IBM-Testing01" name="mymaven.VerifyGooglePAge" tests="1" failures="0" timestamp="10 Jan 2020 11:17:58 GMT" time="9.828" errors="0">
  <testcase name="checkitle" time="9.828" classname="mymaven.VerifyGooglePAge"/>
</testsuite> <!-- mymaven.VerifyGooglePAge -->
